<?xml version="1.0" encoding="UTF-8"?>
<!-- Generated by org.testng.reporters.JUnitReportReporter -->
<testsuite hostname="CHNMCT313986L" failures="0" tests="1" name="Groups.Flipkart" time="0.019" errors="0" timestamp="2022-07-05T21:47:13 IST" skipped="0">
  <testcase classname="Groups.Flipkart" name="fSearchProduct" time="0.019"/>
  <system-out/>
</testsuite> <!-- Groups.Flipkart -->
