<?xml version="1.0" encoding="UTF-8"?>
<!-- Generated by org.testng.reporters.JUnitReportReporter -->
<testsuite hostname="CHNMCT313986L" failures="0" tests="2" name="Groups.Amazon" time="0.005" errors="0" timestamp="2022-07-05T21:47:13 IST" skipped="0">
  <testcase classname="Groups.Amazon" name="aLogin" time="0.003"/>
  <system-out/>
  <testcase classname="Groups.Amazon" name="aSearchProduct" time="0.002"/>
  <system-out/>
</testsuite> <!-- Groups.Amazon -->
